2025-10-07 13:01:36,813 - apscheduler.scheduler - INFO - Scheduler started
2025-10-07 13:01:36,814 - scheduler_manager - INFO - EmailScheduler initialized and started
2025-10-07 13:01:38,126 - apscheduler.scheduler - INFO - Added job "Email reminder for test_reminder_123" to job store "default"
2025-10-07 13:01:38,127 - scheduler_manager - INFO - Scheduled reminder test_reminder_123 for 2025-10-07 13:02:00 (Job ID: reminder_test_reminder_123)
2025-10-07 13:02:59,838 - apscheduler.scheduler - INFO - Scheduler started
2025-10-07 13:02:59,839 - scheduler_manager - INFO - EmailScheduler initialized and started
2025-10-07 13:05:13,953 - apscheduler.scheduler - INFO - Scheduler started
2025-10-07 13:05:13,954 - scheduler_manager - INFO - EmailScheduler initialized and started
2025-10-07 13:06:29,657 - scheduler_manager - INFO - Rescheduling all active reminders...
2025-10-07 13:06:29,979 - scheduler_manager - INFO - Rescheduled 0 active reminders
2025-10-07 13:07:55,024 - scheduler_manager - INFO - Rescheduling all active reminders...
2025-10-07 13:07:55,059 - scheduler_manager - INFO - Rescheduled 0 active reminders
2025-10-07 13:08:52,612 - scheduler_manager - INFO - Rescheduling all active reminders...
2025-10-07 13:08:52,639 - scheduler_manager - INFO - Rescheduled 0 active reminders
2025-10-07 13:09:26,323 - scheduler_manager - WARNING - Could not cancel reminder ff04e455-a028-429a-bb52-01936aa6178a: 'No job by the id of reminder_ff04e455-a028-429a-bb52-01936aa6178a was found'
2025-10-07 13:09:26,335 - apscheduler.scheduler - INFO - Added job "Email reminder for ff04e455-a028-429a-bb52-01936aa6178a" to job store "default"
2025-10-07 13:09:26,336 - scheduler_manager - INFO - Scheduled reminder ff04e455-a028-429a-bb52-01936aa6178a for 2025-10-07 13:15:00 (Job ID: reminder_ff04e455-a028-429a-bb52-01936aa6178a)
2025-10-07 13:09:26,337 - __main__ - INFO - Rescheduled reminder ff04e455-a028-429a-bb52-01936aa6178a for 2025-10-07 13:15:00
2025-10-07 13:15:00,053 - apscheduler.executors.default - INFO - Running job "Email reminder for ff04e455-a028-429a-bb52-01936aa6178a (trigger: date[2025-10-07 13:15:00 IST], next run at: 2025-10-07 13:15:00 IST)" (scheduled at 2025-10-07 13:15:00+05:30)
2025-10-07 13:15:00,054 - apscheduler.scheduler - INFO - Removed job reminder_ff04e455-a028-429a-bb52-01936aa6178a
2025-10-07 13:15:00,059 - scheduler_manager - INFO - Executing scheduled reminder: ff04e455-a028-429a-bb52-01936aa6178a
2025-10-07 13:15:04,280 - scheduler_manager - INFO - Email sent successfully to libhope4christ@gmail.com
2025-10-07 13:15:04,301 - scheduler_manager - INFO - Reminder ff04e455-a028-429a-bb52-01936aa6178a sent successfully to libhope4christ@gmail.com
2025-10-07 13:15:04,302 - apscheduler.executors.default - INFO - Job "Email reminder for ff04e455-a028-429a-bb52-01936aa6178a (trigger: date[2025-10-07 13:15:00 IST], next run at: 2025-10-07 13:15:00 IST)" executed successfully
2025-10-07 13:15:04,302 - scheduler_manager - INFO - Job reminder_ff04e455-a028-429a-bb52-01936aa6178a executed successfully at 2025-10-07 13:15:04.302854
2025-10-07 13:18:16,540 - apscheduler.scheduler - INFO - Added job "Email reminder for 6022b079-2729-424f-82a5-cf4df85c418d" to job store "default"
2025-10-07 13:18:16,541 - scheduler_manager - INFO - Scheduled reminder 6022b079-2729-424f-82a5-cf4df85c418d for 2025-10-07 13:30:00 (Job ID: reminder_6022b079-2729-424f-82a5-cf4df85c418d)
2025-10-07 13:18:16,543 - __main__ - INFO - Scheduled reminder 6022b079-2729-424f-82a5-cf4df85c418d for 2025-10-07 13:30:00
2025-10-07 13:19:39,695 - apscheduler.scheduler - INFO - Scheduler started
2025-10-07 13:19:39,698 - scheduler_manager - INFO - EmailScheduler initialized and started
2025-10-07 13:21:15,448 - scheduler_manager - INFO - Rescheduling all active reminders...
2025-10-07 13:21:15,470 - apscheduler.scheduler - INFO - Removed job reminder_6022b079-2729-424f-82a5-cf4df85c418d
2025-10-07 13:21:15,473 - scheduler_manager - INFO - Removed existing job reminder_6022b079-2729-424f-82a5-cf4df85c418d
2025-10-07 13:21:15,474 - apscheduler.scheduler - INFO - Added job "Email reminder for 6022b079-2729-424f-82a5-cf4df85c418d" to job store "default"
2025-10-07 13:21:15,478 - scheduler_manager - INFO - Scheduled reminder 6022b079-2729-424f-82a5-cf4df85c418d for 2025-10-07 13:30:00 (Job ID: reminder_6022b079-2729-424f-82a5-cf4df85c418d)
2025-10-07 13:21:15,481 - scheduler_manager - INFO - Rescheduled 1 active reminders
2025-10-07 13:23:57,113 - scheduler_manager - INFO - Rescheduling all active reminders...
2025-10-07 13:23:57,134 - apscheduler.scheduler - INFO - Removed job reminder_6022b079-2729-424f-82a5-cf4df85c418d
2025-10-07 13:23:57,148 - scheduler_manager - INFO - Removed existing job reminder_6022b079-2729-424f-82a5-cf4df85c418d
2025-10-07 13:23:57,150 - apscheduler.scheduler - INFO - Added job "Email reminder for 6022b079-2729-424f-82a5-cf4df85c418d" to job store "default"
2025-10-07 13:23:57,151 - scheduler_manager - INFO - Scheduled reminder 6022b079-2729-424f-82a5-cf4df85c418d for 2025-10-07 13:30:00 (Job ID: reminder_6022b079-2729-424f-82a5-cf4df85c418d)
2025-10-07 13:23:57,154 - scheduler_manager - INFO - Rescheduled 1 active reminders
2025-10-07 13:30:00,010 - apscheduler.scheduler - INFO - Removed job reminder_6022b079-2729-424f-82a5-cf4df85c418d
2025-10-07 13:30:00,011 - apscheduler.executors.default - INFO - Running job "Email reminder for 6022b079-2729-424f-82a5-cf4df85c418d (trigger: date[2025-10-07 13:30:00 IST], next run at: 2025-10-07 13:30:00 IST)" (scheduled at 2025-10-07 13:30:00+05:30)
2025-10-07 13:30:00,015 - scheduler_manager - INFO - Executing scheduled reminder: 6022b079-2729-424f-82a5-cf4df85c418d
2025-10-07 13:30:03,306 - scheduler_manager - INFO - Email sent successfully to libhope4christ@gmail.com
2025-10-07 13:30:03,324 - scheduler_manager - INFO - Reminder 6022b079-2729-424f-82a5-cf4df85c418d sent successfully to libhope4christ@gmail.com
2025-10-07 13:30:03,325 - apscheduler.executors.default - INFO - Job "Email reminder for 6022b079-2729-424f-82a5-cf4df85c418d (trigger: date[2025-10-07 13:30:00 IST], next run at: 2025-10-07 13:30:00 IST)" executed successfully
2025-10-07 13:30:03,325 - scheduler_manager - INFO - Job reminder_6022b079-2729-424f-82a5-cf4df85c418d executed successfully at 2025-10-07 13:30:03.325809
2025-10-07 13:36:58,547 - apscheduler.scheduler - INFO - Scheduler started
2025-10-07 13:36:58,617 - scheduler_manager - INFO - EmailScheduler initialized and started
2025-10-07 13:37:00,173 - scheduler_manager - WARNING - Scheduled time 2025-10-07 13:37:00 is in the past for reminder reliability_test_1759824420
2025-10-07 13:37:14,767 - apscheduler.scheduler - INFO - Scheduler started
2025-10-07 13:37:14,768 - scheduler_manager - INFO - EmailScheduler initialized and started
2025-10-07 13:42:01,588 - scheduler_manager - INFO - Rescheduling all active reminders...
2025-10-07 13:42:02,625 - scheduler_manager - INFO - Rescheduled 0 active reminders
2025-10-07 14:57:16,875 - scheduler_manager - INFO - Rescheduling all active reminders...
2025-10-07 14:57:16,896 - scheduler_manager - INFO - Rescheduled 0 active reminders
2025-10-07 15:50:08,853 - scheduler_manager - INFO - Rescheduling all active reminders...
2025-10-07 15:50:09,020 - scheduler_manager - INFO - Rescheduled 0 active reminders
2025-10-07 15:52:53,708 - apscheduler.scheduler - INFO - Added job "Email reminder for 5247c8bb-a800-4c82-aac9-48c4dbc57ba3" to job store "default"
2025-10-07 15:52:53,710 - scheduler_manager - INFO - Scheduled reminder 5247c8bb-a800-4c82-aac9-48c4dbc57ba3 for 2025-10-07 16:00:00 (Job ID: reminder_5247c8bb-a800-4c82-aac9-48c4dbc57ba3)
2025-10-07 15:52:53,714 - __main__ - INFO - Scheduled reminder 5247c8bb-a800-4c82-aac9-48c4dbc57ba3 for 2025-10-07 16:00:00
2025-10-07 16:00:00,004 - apscheduler.executors.default - INFO - Running job "Email reminder for 5247c8bb-a800-4c82-aac9-48c4dbc57ba3 (trigger: date[2025-10-07 16:00:00 IST], next run at: 2025-10-07 16:00:00 IST)" (scheduled at 2025-10-07 16:00:00+05:30)
2025-10-07 16:00:00,004 - apscheduler.scheduler - INFO - Removed job reminder_5247c8bb-a800-4c82-aac9-48c4dbc57ba3
2025-10-07 16:00:00,007 - scheduler_manager - INFO - Executing scheduled reminder: 5247c8bb-a800-4c82-aac9-48c4dbc57ba3
2025-10-07 16:00:03,361 - scheduler_manager - INFO - Email sent successfully to smsdfinance@gmail.com
2025-10-07 16:00:03,377 - scheduler_manager - INFO - Reminder 5247c8bb-a800-4c82-aac9-48c4dbc57ba3 sent successfully to smsdfinance@gmail.com
2025-10-07 16:00:03,378 - apscheduler.executors.default - INFO - Job "Email reminder for 5247c8bb-a800-4c82-aac9-48c4dbc57ba3 (trigger: date[2025-10-07 16:00:00 IST], next run at: 2025-10-07 16:00:00 IST)" executed successfully
2025-10-07 16:00:03,379 - scheduler_manager - INFO - Job reminder_5247c8bb-a800-4c82-aac9-48c4dbc57ba3 executed successfully at 2025-10-07 16:00:03.379373
2025-10-08 13:49:53,725 - apscheduler.scheduler - INFO - Scheduler started
2025-10-08 13:49:53,728 - scheduler_manager - INFO - EmailScheduler initialized and started
2025-10-08 13:49:55,030 - scheduler_manager - INFO - Rescheduling all active reminders...
2025-10-08 13:49:55,075 - scheduler_manager - INFO - Rescheduled 0 active reminders
2025-10-08 13:55:53,539 - apscheduler.scheduler - INFO - Scheduler started
2025-10-08 13:55:53,540 - scheduler_manager - INFO - EmailScheduler initialized and started
2025-10-08 13:55:54,618 - scheduler_manager - INFO - Rescheduling all active reminders...
2025-10-08 13:55:54,637 - scheduler_manager - INFO - Rescheduled 0 active reminders
2025-10-08 13:57:22,111 - apscheduler.scheduler - INFO - Scheduler started
2025-10-08 13:57:22,112 - scheduler_manager - INFO - EmailScheduler initialized and started
2025-10-08 13:57:23,087 - scheduler_manager - INFO - Rescheduling all active reminders...
2025-10-08 13:57:23,106 - scheduler_manager - INFO - Rescheduled 0 active reminders
2025-10-08 14:15:33,509 - apscheduler.scheduler - INFO - Scheduler started
2025-10-08 14:15:33,510 - scheduler_manager - INFO - EmailScheduler initialized and started
2025-10-08 14:15:50,538 - scheduler_manager - INFO - Rescheduling all active reminders...
2025-10-08 14:15:50,921 - scheduler_manager - INFO - Rescheduled 0 active reminders
2025-10-08 14:21:15,065 - apscheduler.scheduler - INFO - Scheduler started
2025-10-08 14:21:15,067 - scheduler_manager - INFO - EmailScheduler initialized and started
2025-10-08 14:21:32,544 - scheduler_manager - INFO - Rescheduling all active reminders...
2025-10-08 14:21:32,568 - scheduler_manager - INFO - Rescheduled 0 active reminders
2025-10-08 14:26:47,760 - scheduler_manager - INFO - Rescheduling all active reminders...
2025-10-08 14:26:47,806 - scheduler_manager - INFO - Rescheduled 0 active reminders
2025-10-08 15:05:10,234 - scheduler_manager - INFO - Rescheduling all active reminders...
2025-10-08 15:05:10,267 - scheduler_manager - INFO - Rescheduled 0 active reminders
2025-10-08 15:07:06,720 - scheduler_manager - INFO - Rescheduling all active reminders...
2025-10-08 15:07:06,763 - scheduler_manager - INFO - Rescheduled 0 active reminders
2025-10-08 15:21:17,043 - apscheduler.scheduler - INFO - Scheduler started
2025-10-08 15:21:17,068 - scheduler_manager - INFO - EmailScheduler initialized and started
2025-10-08 15:21:40,064 - scheduler_manager - INFO - Rescheduling all active reminders...
2025-10-08 15:21:40,083 - scheduler_manager - INFO - Rescheduled 0 active reminders
2025-10-08 15:41:45,405 - apscheduler.scheduler - INFO - Scheduler started
2025-10-08 15:41:45,406 - scheduler_manager - INFO - EmailScheduler initialized and started
2025-10-08 15:50:35,363 - scheduler_manager - INFO - Rescheduling all active reminders...
2025-10-08 15:50:35,392 - scheduler_manager - INFO - Rescheduled 0 active reminders
2025-10-09 12:22:52,699 - apscheduler.scheduler - INFO - Scheduler started
2025-10-09 12:22:52,701 - scheduler_manager - INFO - EmailScheduler initialized and started
2025-10-09 12:33:42,978 - scheduler_manager - INFO - Rescheduling all active reminders...
2025-10-09 12:33:44,053 - scheduler_manager - INFO - Rescheduled 0 active reminders
2025-10-09 12:35:42,586 - apscheduler.scheduler - INFO - Added job "Email reminder for 8546aad3-163a-4b8b-902a-a6d70000c7c2" to job store "default"
2025-10-09 12:35:42,586 - scheduler_manager - INFO - Scheduled reminder 8546aad3-163a-4b8b-902a-a6d70000c7c2 for 2025-10-09 12:45:00 (Job ID: reminder_8546aad3-163a-4b8b-902a-a6d70000c7c2)
2025-10-09 12:35:42,588 - __main__ - INFO - Scheduled reminder 8546aad3-163a-4b8b-902a-a6d70000c7c2 for 2025-10-09 12:45:00
2025-10-09 12:45:00,014 - apscheduler.executors.default - INFO - Running job "Email reminder for 8546aad3-163a-4b8b-902a-a6d70000c7c2 (trigger: date[2025-10-09 12:45:00 IST], next run at: 2025-10-09 12:45:00 IST)" (scheduled at 2025-10-09 12:45:00+05:30)
2025-10-09 12:45:00,015 - apscheduler.scheduler - INFO - Removed job reminder_8546aad3-163a-4b8b-902a-a6d70000c7c2
2025-10-09 12:45:00,018 - scheduler_manager - INFO - Executing scheduled reminder: 8546aad3-163a-4b8b-902a-a6d70000c7c2
2025-10-09 12:45:00,052 - apscheduler.executors.default - ERROR - Job "Email reminder for 8546aad3-163a-4b8b-902a-a6d70000c7c2 (trigger: date[2025-10-09 12:45:00 IST], next run at: 2025-10-09 12:45:00 IST)" raised an exception
Traceback (most recent call last):
  File "C:\Users\HP\AppData\Local\Programs\Python\Python313\Lib\site-packages\pandas\core\indexes\base.py", line 3805, in get_loc
    return self._engine.get_loc(casted_key)
           ~~~~~~~~~~~~~~~~~~~~^^^^^^^^^^^^
  File "index.pyx", line 167, in pandas._libs.index.IndexEngine.get_loc
  File "index.pyx", line 196, in pandas._libs.index.IndexEngine.get_loc
  File "pandas\\_libs\\hashtable_class_helper.pxi", line 7081, in pandas._libs.hashtable.PyObjectHashTable.get_item
  File "pandas\\_libs\\hashtable_class_helper.pxi", line 7089, in pandas._libs.hashtable.PyObjectHashTable.get_item
KeyError: 'Agreement Name'

The above exception was the direct cause of the following exception:

Traceback (most recent call last):
  File "C:\Users\HP\AppData\Local\Programs\Python\Python313\Lib\site-packages\apscheduler\executors\base.py", line 131, in run_job
    retval = job.func(*job.args, **job.kwargs)
  File "E:\Mail Automation\scheduler_manager.py", line 153, in send_reminder_email
    subject = f"Payment Reminder - {row['Agreement Name']}"
                                    ~~~^^^^^^^^^^^^^^^^^^
  File "C:\Users\HP\AppData\Local\Programs\Python\Python313\Lib\site-packages\pandas\core\series.py", line 1121, in __getitem__
    return self._get_value(key)
           ~~~~~~~~~~~~~~~^^^^^
  File "C:\Users\HP\AppData\Local\Programs\Python\Python313\Lib\site-packages\pandas\core\series.py", line 1237, in _get_value
    loc = self.index.get_loc(label)
  File "C:\Users\HP\AppData\Local\Programs\Python\Python313\Lib\site-packages\pandas\core\indexes\base.py", line 3812, in get_loc
    raise KeyError(key) from err
KeyError: 'Agreement Name'
2025-10-09 12:45:00,109 - scheduler_manager - ERROR - Job reminder_8546aad3-163a-4b8b-902a-a6d70000c7c2 failed: 'Agreement Name'
2025-10-09 12:50:46,981 - scheduler_manager - WARNING - Could not cancel reminder 8546aad3-163a-4b8b-902a-a6d70000c7c2: 'No job by the id of reminder_8546aad3-163a-4b8b-902a-a6d70000c7c2 was found'
2025-10-09 12:50:46,983 - apscheduler.scheduler - INFO - Added job "Email reminder for 8546aad3-163a-4b8b-902a-a6d70000c7c2" to job store "default"
2025-10-09 12:50:46,984 - scheduler_manager - INFO - Scheduled reminder 8546aad3-163a-4b8b-902a-a6d70000c7c2 for 2025-10-09 13:00:00 (Job ID: reminder_8546aad3-163a-4b8b-902a-a6d70000c7c2)
2025-10-09 12:50:46,985 - __main__ - INFO - Rescheduled reminder 8546aad3-163a-4b8b-902a-a6d70000c7c2 for 2025-10-09 13:00:00
2025-10-09 12:58:56,437 - apscheduler.scheduler - INFO - Scheduler started
2025-10-09 12:58:56,438 - scheduler_manager - INFO - EmailScheduler initialized and started
2025-10-09 12:58:57,334 - scheduler_manager - INFO - Rescheduling all active reminders...
2025-10-09 12:58:57,788 - apscheduler.scheduler - INFO - Added job "Email reminder for 8546aad3-163a-4b8b-902a-a6d70000c7c2" to job store "default"
2025-10-09 12:58:57,788 - scheduler_manager - INFO - Scheduled reminder 8546aad3-163a-4b8b-902a-a6d70000c7c2 for 2025-10-09 13:00:00 (Job ID: reminder_8546aad3-163a-4b8b-902a-a6d70000c7c2)
2025-10-09 12:58:57,789 - scheduler_manager - INFO - Rescheduled 1 active reminders
2025-10-09 13:00:00,003 - apscheduler.scheduler - INFO - Removed job reminder_8546aad3-163a-4b8b-902a-a6d70000c7c2
2025-10-09 13:00:00,003 - apscheduler.executors.default - INFO - Running job "Email reminder for 8546aad3-163a-4b8b-902a-a6d70000c7c2 (trigger: date[2025-10-09 13:00:00 IST], next run at: 2025-10-09 13:00:00 IST)" (scheduled at 2025-10-09 13:00:00+05:30)
2025-10-09 13:00:00,008 - scheduler_manager - INFO - Executing scheduled reminder: 8546aad3-163a-4b8b-902a-a6d70000c7c2
2025-10-09 13:00:00,030 - apscheduler.executors.default - ERROR - Job "Email reminder for 8546aad3-163a-4b8b-902a-a6d70000c7c2 (trigger: date[2025-10-09 13:00:00 IST], next run at: 2025-10-09 13:00:00 IST)" raised an exception
Traceback (most recent call last):
  File "C:\Users\HP\AppData\Local\Programs\Python\Python313\Lib\site-packages\pandas\core\indexes\base.py", line 3805, in get_loc
    return self._engine.get_loc(casted_key)
           ~~~~~~~~~~~~~~~~~~~~^^^^^^^^^^^^
  File "index.pyx", line 167, in pandas._libs.index.IndexEngine.get_loc
  File "index.pyx", line 196, in pandas._libs.index.IndexEngine.get_loc
  File "pandas\\_libs\\hashtable_class_helper.pxi", line 7081, in pandas._libs.hashtable.PyObjectHashTable.get_item
  File "pandas\\_libs\\hashtable_class_helper.pxi", line 7089, in pandas._libs.hashtable.PyObjectHashTable.get_item
KeyError: 'Agreement Name'

The above exception was the direct cause of the following exception:

Traceback (most recent call last):
  File "C:\Users\HP\AppData\Local\Programs\Python\Python313\Lib\site-packages\apscheduler\executors\base.py", line 131, in run_job
    retval = job.func(*job.args, **job.kwargs)
  File "E:\Mail Automation\scheduler_manager.py", line 153, in send_reminder_email
    logger.error(f"Error sending email to {recipient}: {e}")
                                ^^^^^^^^^^^^^^^^^^^^^
  File "C:\Users\HP\AppData\Local\Programs\Python\Python313\Lib\site-packages\pandas\core\series.py", line 1121, in __getitem__
    return self._get_value(key)
           ~~~~~~~~~~~~~~~^^^^^
  File "C:\Users\HP\AppData\Local\Programs\Python\Python313\Lib\site-packages\pandas\core\series.py", line 1237, in _get_value
    loc = self.index.get_loc(label)
  File "C:\Users\HP\AppData\Local\Programs\Python\Python313\Lib\site-packages\pandas\core\indexes\base.py", line 3812, in get_loc
    raise KeyError(key) from err
KeyError: 'Agreement Name'
2025-10-09 13:00:00,041 - scheduler_manager - ERROR - Job reminder_8546aad3-163a-4b8b-902a-a6d70000c7c2 failed: 'Agreement Name'
2025-10-09 13:10:34,762 - apscheduler.scheduler - INFO - Scheduler started
2025-10-09 13:10:34,763 - scheduler_manager - INFO - EmailScheduler initialized and started
2025-10-09 13:10:35,638 - scheduler_manager - INFO - Rescheduling all active reminders...
2025-10-09 13:10:35,936 - scheduler_manager - INFO - Rescheduled 0 active reminders
2025-10-09 13:12:29,725 - apscheduler.scheduler - INFO - Scheduler started
2025-10-09 13:12:29,726 - scheduler_manager - INFO - EmailScheduler initialized and started
2025-10-09 13:13:23,527 - scheduler_manager - INFO - Rescheduling all active reminders...
2025-10-09 13:13:23,558 - scheduler_manager - INFO - Rescheduled 0 active reminders
2025-10-09 13:13:49,558 - scheduler_manager - WARNING - Could not cancel reminder 8546aad3-163a-4b8b-902a-a6d70000c7c2: 'No job by the id of reminder_8546aad3-163a-4b8b-902a-a6d70000c7c2 was found'
2025-10-09 13:13:49,562 - apscheduler.scheduler - INFO - Added job "Email reminder for 8546aad3-163a-4b8b-902a-a6d70000c7c2" to job store "default"
2025-10-09 13:13:49,563 - scheduler_manager - INFO - Scheduled reminder 8546aad3-163a-4b8b-902a-a6d70000c7c2 for 2025-10-09 13:15:00 (Job ID: reminder_8546aad3-163a-4b8b-902a-a6d70000c7c2)
2025-10-09 13:13:49,565 - __main__ - INFO - Rescheduled reminder 8546aad3-163a-4b8b-902a-a6d70000c7c2 for 2025-10-09 13:15:00
2025-10-09 13:15:00,016 - apscheduler.executors.default - INFO - Running job "Email reminder for 8546aad3-163a-4b8b-902a-a6d70000c7c2 (trigger: date[2025-10-09 13:15:00 IST], next run at: 2025-10-09 13:15:00 IST)" (scheduled at 2025-10-09 13:15:00+05:30)
2025-10-09 13:15:00,016 - apscheduler.scheduler - INFO - Removed job reminder_8546aad3-163a-4b8b-902a-a6d70000c7c2
2025-10-09 13:15:00,017 - scheduler_manager - INFO - Executing scheduled reminder: 8546aad3-163a-4b8b-902a-a6d70000c7c2
2025-10-09 13:15:00,035 - scheduler_manager - INFO - Attempting to send email to libhpoe4christ@gmail.com from liblal2018@gmail.com
2025-10-09 13:15:04,185 - scheduler_manager - ERROR - Error sending email to libhpoe4christ@gmail.com: (535, b'5.7.8 Username and Password not accepted. For more information, go to\n5.7.8  https://support.google.com/mail/?p=BadCredentials d9443c01a7336-29034e1cc10sm19560835ad.31 - gsmtp')
2025-10-09 13:15:04,186 - apscheduler.executors.default - INFO - Job "Email reminder for 8546aad3-163a-4b8b-902a-a6d70000c7c2 (trigger: date[2025-10-09 13:15:00 IST], next run at: 2025-10-09 13:15:00 IST)" executed successfully
2025-10-09 13:15:04,187 - scheduler_manager - INFO - Job reminder_8546aad3-163a-4b8b-902a-a6d70000c7c2 executed successfully at 2025-10-09 13:15:04.187149
2025-10-09 13:28:36,636 - apscheduler.scheduler - INFO - Scheduler started
2025-10-09 13:28:36,637 - scheduler_manager - INFO - EmailScheduler initialized and started
2025-10-09 13:28:36,638 - scheduler_manager - INFO - Loaded email config from admin management: liblal2018@gmail.com
2025-10-09 13:28:37,708 - scheduler_manager - INFO - Rescheduling all active reminders...
2025-10-09 13:28:38,663 - scheduler_manager - INFO - Rescheduled 0 active reminders
2025-10-09 13:28:38,871 - apscheduler.scheduler - INFO - Added job "Email reminder for ff04e455-a028-429a-bb52-01936aa6178a" to job store "default"
2025-10-09 13:28:38,874 - scheduler_manager - INFO - Scheduled reminder ff04e455-a028-429a-bb52-01936aa6178a for 2025-10-09 13:29:00 (Job ID: reminder_ff04e455-a028-429a-bb52-01936aa6178a)
2025-10-09 13:30:21,547 - apscheduler.scheduler - INFO - Scheduler started
2025-10-09 13:30:21,549 - scheduler_manager - INFO - EmailScheduler initialized and started
2025-10-09 13:30:21,550 - scheduler_manager - INFO - Loaded email config from admin management: liblal2018@gmail.com
2025-10-09 13:30:22,682 - scheduler_manager - INFO - Rescheduling all active reminders...
2025-10-09 13:30:23,039 - scheduler_manager - INFO - Rescheduled 0 active reminders
2025-10-09 13:30:23,176 - apscheduler.scheduler - INFO - Added job "Email reminder for ff04e455-a028-429a-bb52-01936aa6178a" to job store "default"
2025-10-09 13:30:23,177 - scheduler_manager - INFO - Scheduled reminder ff04e455-a028-429a-bb52-01936aa6178a for 2025-10-09 13:31:00 (Job ID: reminder_ff04e455-a028-429a-bb52-01936aa6178a)
2025-10-09 13:32:10,547 - apscheduler.scheduler - INFO - Scheduler started
2025-10-09 13:32:10,548 - scheduler_manager - INFO - EmailScheduler initialized and started
2025-10-09 13:32:10,549 - scheduler_manager - INFO - Loaded email config from admin management: liblal2018@gmail.com
2025-10-09 13:32:11,540 - scheduler_manager - INFO - Rescheduling all active reminders...
2025-10-09 13:32:11,905 - scheduler_manager - INFO - Rescheduled 0 active reminders
2025-10-09 13:32:12,216 - apscheduler.scheduler - INFO - Added job "Email reminder for ff04e455-a028-429a-bb52-01936aa6178a" to job store "default"
2025-10-09 13:32:12,217 - scheduler_manager - INFO - Scheduled reminder ff04e455-a028-429a-bb52-01936aa6178a for 2025-10-09 13:33:00 (Job ID: reminder_ff04e455-a028-429a-bb52-01936aa6178a)
2025-10-09 13:34:52,784 - apscheduler.scheduler - INFO - Scheduler started
2025-10-09 13:34:52,785 - scheduler_manager - INFO - EmailScheduler initialized and started
2025-10-09 13:34:53,769 - scheduler_manager - INFO - Loaded email config from admin management: liblal2018@gmail.com
2025-10-09 13:34:53,769 - scheduler_manager - INFO - Attempting to send email to liblal2018@gmail.com from liblal2018@gmail.com
2025-10-09 13:34:59,066 - scheduler_manager - ERROR - Error sending email to liblal2018@gmail.com: (535, b'5.7.8 Username and Password not accepted. For more information, go to\n5.7.8  https://support.google.com/mail/?p=BadCredentials d9443c01a7336-29034f961c5sm19863195ad.129 - gsmtp')
2025-10-09 13:35:00,155 - scheduler_manager - INFO - Rescheduling all active reminders...
2025-10-09 13:35:00,504 - scheduler_manager - INFO - Rescheduled 0 active reminders
2025-10-09 13:37:34,494 - apscheduler.scheduler - INFO - Scheduler started
2025-10-09 13:37:34,495 - scheduler_manager - INFO - EmailScheduler initialized and started
2025-10-09 13:37:34,496 - scheduler_manager - INFO - Loaded email config from admin management: liblal2018@gmail.com
2025-10-09 13:37:35,426 - scheduler_manager - INFO - Rescheduling all active reminders...
2025-10-09 13:37:35,748 - scheduler_manager - INFO - Rescheduled 0 active reminders
2025-10-09 13:37:35,894 - apscheduler.scheduler - INFO - Added job "Email reminder for ff04e455-a028-429a-bb52-01936aa6178a" to job store "default"
2025-10-09 13:37:35,894 - scheduler_manager - INFO - Scheduled reminder ff04e455-a028-429a-bb52-01936aa6178a for 2025-10-09 13:38:00 (Job ID: reminder_ff04e455-a028-429a-bb52-01936aa6178a)
2025-10-09 13:39:25,150 - apscheduler.scheduler - INFO - Scheduler started
2025-10-09 13:39:25,151 - scheduler_manager - INFO - EmailScheduler initialized and started
2025-10-09 13:39:26,183 - scheduler_manager - INFO - Rescheduling all active reminders...
2025-10-09 13:39:26,479 - scheduler_manager - INFO - Rescheduled 0 active reminders
2025-10-09 13:39:29,797 - scheduler_manager - INFO - Loaded email config from admin management: liblal2018@gmail.com
2025-10-09 13:39:29,812 - scheduler_manager - INFO - Attempting to send email to liblal2018@gmail.com from liblal2018@gmail.com
2025-10-09 13:39:32,661 - scheduler_manager - ERROR - Error sending email to liblal2018@gmail.com: (535, b'5.7.8 Username and Password not accepted. For more information, go to\n5.7.8  https://support.google.com/mail/?p=BadCredentials d9443c01a7336-29034f362fasm20100625ad.97 - gsmtp')
2025-10-09 13:40:29,188 - apscheduler.scheduler - INFO - Scheduler started
2025-10-09 13:40:29,189 - scheduler_manager - INFO - EmailScheduler initialized and started
2025-10-09 13:40:45,700 - scheduler_manager - INFO - Rescheduling all active reminders...
2025-10-09 13:40:46,095 - scheduler_manager - INFO - Rescheduled 0 active reminders
2025-10-09 13:41:45,335 - scheduler_manager - WARNING - Could not cancel reminder 8546aad3-163a-4b8b-902a-a6d70000c7c2: 'No job by the id of reminder_8546aad3-163a-4b8b-902a-a6d70000c7c2 was found'
2025-10-09 13:41:45,345 - apscheduler.scheduler - INFO - Added job "Email reminder for 8546aad3-163a-4b8b-902a-a6d70000c7c2" to job store "default"
2025-10-09 13:41:45,348 - scheduler_manager - INFO - Scheduled reminder 8546aad3-163a-4b8b-902a-a6d70000c7c2 for 2025-10-09 13:45:00 (Job ID: reminder_8546aad3-163a-4b8b-902a-a6d70000c7c2)
2025-10-09 13:41:45,351 - __main__ - INFO - Rescheduled reminder 8546aad3-163a-4b8b-902a-a6d70000c7c2 for 2025-10-09 13:45:00
2025-10-09 13:45:00,009 - apscheduler.executors.default - INFO - Running job "Email reminder for 8546aad3-163a-4b8b-902a-a6d70000c7c2 (trigger: date[2025-10-09 13:45:00 IST], next run at: 2025-10-09 13:45:00 IST)" (scheduled at 2025-10-09 13:45:00+05:30)
2025-10-09 13:45:00,009 - apscheduler.scheduler - INFO - Removed job reminder_8546aad3-163a-4b8b-902a-a6d70000c7c2
2025-10-09 13:45:00,012 - scheduler_manager - INFO - Executing scheduled reminder: 8546aad3-163a-4b8b-902a-a6d70000c7c2
2025-10-09 13:45:00,014 - scheduler_manager - INFO - Loaded email config from admin management: liblal2018@gmail.com
2025-10-09 13:45:00,029 - scheduler_manager - INFO - Attempting to send email to libhpoe4christ@gmail.com from liblal2018@gmail.com
2025-10-09 13:45:00,029 - scheduler_manager - INFO - Attempting to send email to libhpoe4christ@gmail.com from liblal2018@gmail.com
2025-10-09 13:45:02,799 - scheduler_manager - ERROR - Error sending email to libhpoe4christ@gmail.com: (535, b'5.7.8 Username and Password not accepted. For more information, go to\n5.7.8  https://support.google.com/mail/?p=BadCredentials d9443c01a7336-29034e179c3sm20579115ad.30 - gsmtp')
2025-10-09 13:45:02,800 - scheduler_manager - ERROR - Failed to send reminder 8546aad3-163a-4b8b-902a-a6d70000c7c2 to libhpoe4christ@gmail.com
2025-10-09 13:45:02,800 - apscheduler.executors.default - INFO - Job "Email reminder for 8546aad3-163a-4b8b-902a-a6d70000c7c2 (trigger: date[2025-10-09 13:45:00 IST], next run at: 2025-10-09 13:45:00 IST)" executed successfully
2025-10-09 13:45:02,801 - scheduler_manager - INFO - Job reminder_8546aad3-163a-4b8b-902a-a6d70000c7c2 executed successfully at 2025-10-09 13:45:02.801398
2025-10-09 15:12:00,197 - apscheduler.scheduler - INFO - Scheduler started
2025-10-09 15:12:00,198 - scheduler_manager - INFO - EmailScheduler initialized and started
2025-10-09 15:12:01,163 - scheduler_manager - INFO - Rescheduling all active reminders...
2025-10-09 15:12:01,535 - scheduler_manager - INFO - Rescheduled 0 active reminders
2025-10-09 15:12:56,575 - apscheduler.scheduler - INFO - Scheduler started
2025-10-09 15:12:56,576 - scheduler_manager - INFO - EmailScheduler initialized and started
2025-10-09 15:12:57,517 - scheduler_manager - INFO - Rescheduling all active reminders...
2025-10-09 15:12:57,822 - scheduler_manager - INFO - Rescheduled 0 active reminders
2025-10-09 15:13:33,257 - apscheduler.scheduler - INFO - Scheduler started
2025-10-09 15:13:33,258 - scheduler_manager - INFO - EmailScheduler initialized and started
2025-10-09 15:13:34,242 - scheduler_manager - INFO - Rescheduling all active reminders...
2025-10-09 15:13:34,583 - scheduler_manager - INFO - Rescheduled 0 active reminders
2025-10-09 15:16:30,249 - apscheduler.scheduler - INFO - Scheduler started
2025-10-09 15:16:30,250 - scheduler_manager - INFO - EmailScheduler initialized and started
2025-10-09 15:16:31,304 - scheduler_manager - INFO - Rescheduling all active reminders...
2025-10-09 15:16:31,595 - scheduler_manager - INFO - Rescheduled 0 active reminders
2025-10-09 15:17:31,415 - apscheduler.scheduler - INFO - Scheduler started
2025-10-09 15:17:31,416 - scheduler_manager - INFO - EmailScheduler initialized and started
2025-10-09 15:17:32,411 - scheduler_manager - INFO - Rescheduling all active reminders...
2025-10-09 15:17:32,711 - scheduler_manager - INFO - Rescheduled 0 active reminders
2025-10-09 15:17:36,677 - scheduler_manager - INFO - Loaded email config from admin management: liblal2018@gmail.com
2025-10-09 15:20:06,358 - apscheduler.scheduler - INFO - Scheduler started
2025-10-09 15:20:06,359 - scheduler_manager - INFO - EmailScheduler initialized and started
2025-10-09 15:20:07,651 - scheduler_manager - INFO - Rescheduling all active reminders...
2025-10-09 15:20:08,125 - scheduler_manager - INFO - Rescheduled 0 active reminders
2025-10-09 15:20:12,048 - apscheduler.scheduler - INFO - Added job "Email reminder for ff04e455-a028-429a-bb52-01936aa6178a" to job store "default"
2025-10-09 15:20:12,049 - scheduler_manager - INFO - Scheduled reminder ff04e455-a028-429a-bb52-01936aa6178a for 2025-10-09 15:21:00 (Job ID: reminder_ff04e455-a028-429a-bb52-01936aa6178a)
2025-10-09 15:20:12,051 - scheduler_manager - INFO - Loaded email config from admin management: liblal2018@gmail.com
2025-10-09 15:22:55,184 - apscheduler.scheduler - INFO - Scheduler started
2025-10-09 15:22:55,186 - scheduler_manager - INFO - EmailScheduler initialized and started
2025-10-09 15:23:11,377 - scheduler_manager - INFO - Rescheduling all active reminders...
2025-10-09 15:23:11,690 - scheduler_manager - INFO - Rescheduled 0 active reminders
2025-10-09 15:23:39,188 - scheduler_manager - WARNING - Could not cancel reminder 8546aad3-163a-4b8b-902a-a6d70000c7c2: 'No job by the id of reminder_8546aad3-163a-4b8b-902a-a6d70000c7c2 was found'
2025-10-09 15:23:39,213 - apscheduler.scheduler - INFO - Added job "Email reminder for 8546aad3-163a-4b8b-902a-a6d70000c7c2" to job store "default"
2025-10-09 15:23:39,216 - scheduler_manager - INFO - Scheduled reminder 8546aad3-163a-4b8b-902a-a6d70000c7c2 for 2025-10-09 15:30:00 (Job ID: reminder_8546aad3-163a-4b8b-902a-a6d70000c7c2)
2025-10-09 15:23:39,219 - __main__ - INFO - Rescheduled reminder 8546aad3-163a-4b8b-902a-a6d70000c7c2 for 2025-10-09 15:30:00
2025-10-09 15:30:00,009 - apscheduler.executors.default - INFO - Running job "Email reminder for 8546aad3-163a-4b8b-902a-a6d70000c7c2 (trigger: date[2025-10-09 15:30:00 IST], next run at: 2025-10-09 15:30:00 IST)" (scheduled at 2025-10-09 15:30:00+05:30)
2025-10-09 15:30:00,010 - apscheduler.scheduler - INFO - Removed job reminder_8546aad3-163a-4b8b-902a-a6d70000c7c2
2025-10-09 15:30:00,011 - scheduler_manager - INFO - Executing scheduled reminder: 8546aad3-163a-4b8b-902a-a6d70000c7c2
2025-10-09 15:30:00,013 - scheduler_manager - INFO - Loaded email config from admin management: liblal2018@gmail.com
2025-10-09 15:30:00,032 - scheduler_manager - INFO - Attempting to send email to libhpoe4christ@gmail.com from liblal2018@gmail.com
2025-10-09 15:30:00,032 - scheduler_manager - INFO - Attempting to send email to libhpoe4christ@gmail.com from liblal2018@gmail.com
2025-10-09 15:30:03,985 - scheduler_manager - INFO - Email sent successfully to libhpoe4christ@gmail.com
2025-10-09 15:30:03,988 - scheduler_manager - INFO - Updated email statistics for liblal2018@gmail.com
2025-10-09 15:30:04,013 - scheduler_manager - INFO - Reminder 8546aad3-163a-4b8b-902a-a6d70000c7c2 sent successfully to libhpoe4christ@gmail.com
2025-10-09 15:30:04,014 - apscheduler.executors.default - INFO - Job "Email reminder for 8546aad3-163a-4b8b-902a-a6d70000c7c2 (trigger: date[2025-10-09 15:30:00 IST], next run at: 2025-10-09 15:30:00 IST)" executed successfully
2025-10-09 15:30:04,014 - scheduler_manager - INFO - Job reminder_8546aad3-163a-4b8b-902a-a6d70000c7c2 executed successfully at 2025-10-09 15:30:04.014790
2025-10-09 17:01:27,080 - apscheduler.scheduler - INFO - Scheduler started
2025-10-09 17:01:27,082 - scheduler_manager - INFO - EmailScheduler initialized and started
2025-10-09 17:01:55,585 - scheduler_manager - INFO - Rescheduling all active reminders...
2025-10-09 17:01:55,906 - scheduler_manager - INFO - Rescheduled 0 active reminders
2025-10-09 17:08:46,594 - apscheduler.scheduler - INFO - Scheduler started
2025-10-09 17:08:46,596 - scheduler_manager - INFO - EmailScheduler initialized and started
2025-10-09 17:17:32,443 - apscheduler.scheduler - INFO - Scheduler started
2025-10-09 17:17:32,444 - scheduler_manager - INFO - EmailScheduler initialized and started
2025-10-09 17:24:54,325 - apscheduler.scheduler - INFO - Scheduler started
2025-10-09 17:24:54,328 - scheduler_manager - INFO - EmailScheduler initialized and started
2025-10-09 17:25:15,716 - scheduler_manager - INFO - Rescheduling all active reminders...
2025-10-09 17:25:16,065 - scheduler_manager - INFO - Rescheduled 0 active reminders
2025-10-10 10:03:11,286 - apscheduler.scheduler - INFO - Scheduler started
2025-10-10 10:03:11,287 - scheduler_manager - INFO - EmailScheduler initialized and started
2025-10-10 10:10:41,473 - scheduler_manager - INFO - Rescheduling all active reminders...
2025-10-10 10:10:43,120 - scheduler_manager - INFO - Rescheduled 0 active reminders
2025-10-10 10:24:16,450 - apscheduler.scheduler - INFO - Added job "Email reminder for 991eb5a1-3e45-407c-92f4-1c02f4fca252" to job store "default"
2025-10-10 10:24:16,452 - scheduler_manager - INFO - Scheduled reminder 991eb5a1-3e45-407c-92f4-1c02f4fca252 for 2025-10-10 10:30:00 (Job ID: reminder_991eb5a1-3e45-407c-92f4-1c02f4fca252)
2025-10-10 10:24:16,455 - __main__ - INFO - Scheduled reminder 991eb5a1-3e45-407c-92f4-1c02f4fca252 for 2025-10-10 10:30:00
2025-10-10 10:30:00,008 - apscheduler.executors.default - INFO - Running job "Email reminder for 991eb5a1-3e45-407c-92f4-1c02f4fca252 (trigger: date[2025-10-10 10:30:00 IST], next run at: 2025-10-10 10:30:00 IST)" (scheduled at 2025-10-10 10:30:00+05:30)
2025-10-10 10:30:00,008 - apscheduler.scheduler - INFO - Removed job reminder_991eb5a1-3e45-407c-92f4-1c02f4fca252
2025-10-10 10:30:00,010 - scheduler_manager - INFO - Executing scheduled reminder: 991eb5a1-3e45-407c-92f4-1c02f4fca252
2025-10-10 10:30:00,012 - scheduler_manager - INFO - Loaded email config from admin management: liblal2018@gmail.com
2025-10-10 10:30:00,035 - scheduler_manager - INFO - Attempting to send email to libhope4christ@gmail.com from liblal2018@gmail.com
2025-10-10 10:30:00,036 - scheduler_manager - INFO - Attempting to send email to libhope4christ@gmail.com from liblal2018@gmail.com
2025-10-10 10:30:03,409 - scheduler_manager - ERROR - Error sending email to libhope4christ@gmail.com: (535, b'5.7.8 Username and Password not accepted. For more information, go to\n5.7.8  https://support.google.com/mail/?p=BadCredentials d2e1a72fcca58-7992bc18c96sm1511715b3a.37 - gsmtp')
2025-10-10 10:30:03,410 - scheduler_manager - ERROR - Failed to send reminder 991eb5a1-3e45-407c-92f4-1c02f4fca252 to libhope4christ@gmail.com
2025-10-10 10:30:03,410 - apscheduler.executors.default - INFO - Job "Email reminder for 991eb5a1-3e45-407c-92f4-1c02f4fca252 (trigger: date[2025-10-10 10:30:00 IST], next run at: 2025-10-10 10:30:00 IST)" executed successfully
2025-10-10 10:30:03,411 - scheduler_manager - INFO - Job reminder_991eb5a1-3e45-407c-92f4-1c02f4fca252 executed successfully at 2025-10-10 10:30:03.411891
2025-10-10 11:11:06,162 - scheduler_manager - INFO - Rescheduling all active reminders...
2025-10-10 11:11:06,193 - scheduler_manager - INFO - Rescheduled 0 active reminders
2025-10-10 11:17:07,031 - scheduler_manager - INFO - Rescheduling all active reminders...
2025-10-10 11:17:07,081 - scheduler_manager - INFO - Rescheduled 0 active reminders
2025-10-10 11:17:44,581 - scheduler_manager - INFO - Rescheduling all active reminders...
2025-10-10 11:17:44,627 - scheduler_manager - INFO - Rescheduled 0 active reminders
2025-10-10 11:20:14,967 - scheduler_manager - INFO - Rescheduling all active reminders...
2025-10-10 11:20:15,049 - scheduler_manager - INFO - Rescheduled 0 active reminders
2025-10-10 11:31:50,576 - scheduler_manager - INFO - Rescheduling all active reminders...
2025-10-10 11:31:50,615 - scheduler_manager - INFO - Rescheduled 0 active reminders
2025-10-10 11:50:11,372 - scheduler_manager - INFO - Rescheduling all active reminders...
2025-10-10 11:50:11,414 - scheduler_manager - INFO - Rescheduled 0 active reminders
2025-10-10 11:50:57,900 - scheduler_manager - INFO - Rescheduling all active reminders...
2025-10-10 11:50:57,980 - scheduler_manager - INFO - Rescheduled 0 active reminders
2025-10-10 12:05:14,403 - scheduler_manager - INFO - Rescheduling all active reminders...
2025-10-10 12:05:14,430 - scheduler_manager - INFO - Rescheduled 0 active reminders
2025-10-10 12:06:08,781 - scheduler_manager - INFO - Rescheduling all active reminders...
2025-10-10 12:06:08,811 - scheduler_manager - INFO - Rescheduled 0 active reminders
2025-10-10 12:41:46,733 - apscheduler.scheduler - INFO - Scheduler started
2025-10-10 12:41:46,735 - scheduler_manager - INFO - EmailScheduler initialized and started
2025-10-10 12:43:07,638 - scheduler_manager - INFO - Rescheduling all active reminders...
2025-10-10 12:43:08,208 - scheduler_manager - INFO - Rescheduled 0 active reminders
2025-10-10 12:44:46,668 - scheduler_manager - WARNING - Could not cancel reminder a086b30b-08be-42d2-9291-fb07109468be: 'No job by the id of reminder_a086b30b-08be-42d2-9291-fb07109468be was found'
2025-10-10 12:44:46,701 - apscheduler.scheduler - INFO - Added job "Email reminder for a086b30b-08be-42d2-9291-fb07109468be" to job store "default"
2025-10-10 12:44:46,702 - scheduler_manager - INFO - Scheduled reminder a086b30b-08be-42d2-9291-fb07109468be for 2025-10-10 12:45:00 (Job ID: reminder_a086b30b-08be-42d2-9291-fb07109468be)
2025-10-10 12:44:46,703 - __main__ - INFO - Rescheduled reminder a086b30b-08be-42d2-9291-fb07109468be for 2025-10-10 12:45:00
2025-10-10 12:45:00,007 - apscheduler.executors.default - INFO - Running job "Email reminder for a086b30b-08be-42d2-9291-fb07109468be (trigger: date[2025-10-10 12:45:00 IST], next run at: 2025-10-10 12:45:00 IST)" (scheduled at 2025-10-10 12:45:00+05:30)
2025-10-10 12:45:00,007 - apscheduler.scheduler - INFO - Removed job reminder_a086b30b-08be-42d2-9291-fb07109468be
2025-10-10 12:45:00,009 - scheduler_manager - INFO - Executing scheduled reminder: a086b30b-08be-42d2-9291-fb07109468be
2025-10-10 12:45:00,010 - scheduler_manager - INFO - Loaded email config from admin management: smsdfinance@gmail.com
2025-10-10 12:45:00,022 - scheduler_manager - INFO - Attempting to send email to libhope4christ@gmail.com from smsdfinance@gmail.com
2025-10-10 12:45:00,022 - scheduler_manager - INFO - Attempting to send email to libhope4christ@gmail.com from smsdfinance@gmail.com
2025-10-10 12:45:02,612 - scheduler_manager - ERROR - Error sending email to libhope4christ@gmail.com: (535, b'5.7.8 Username and Password not accepted. For more information, go to\n5.7.8  https://support.google.com/mail/?p=BadCredentials d2e1a72fcca58-7992d0966d7sm1892006b3a.40 - gsmtp')
2025-10-10 12:45:02,613 - scheduler_manager - ERROR - Failed to send reminder a086b30b-08be-42d2-9291-fb07109468be to libhope4christ@gmail.com
2025-10-10 12:45:02,613 - apscheduler.executors.default - INFO - Job "Email reminder for a086b30b-08be-42d2-9291-fb07109468be (trigger: date[2025-10-10 12:45:00 IST], next run at: 2025-10-10 12:45:00 IST)" executed successfully
2025-10-10 12:45:02,614 - scheduler_manager - INFO - Job reminder_a086b30b-08be-42d2-9291-fb07109468be executed successfully at 2025-10-10 12:45:02.614187
2025-10-10 13:42:23,511 - apscheduler.scheduler - INFO - Scheduler started
2025-10-10 13:42:23,512 - scheduler_manager - INFO - EmailScheduler initialized and started
2025-10-10 13:43:36,363 - scheduler_manager - INFO - Rescheduling all active reminders...
2025-10-10 13:43:36,968 - scheduler_manager - INFO - Rescheduled 0 active reminders
2025-10-10 13:59:12,834 - scheduler_manager - INFO - Rescheduling all active reminders...
2025-10-10 13:59:12,862 - scheduler_manager - INFO - Rescheduled 0 active reminders
2025-10-10 14:06:30,683 - scheduler_manager - INFO - Rescheduling all active reminders...
2025-10-10 14:06:30,714 - scheduler_manager - INFO - Rescheduled 0 active reminders
